Dec 21, 2005 7:56:23 AM org.apache.catalina.core.ApplicationContext log
INFO: org.apache.webapp.balancer.BalancerFilter: init(): ruleChain: [org.apache.webapp.balancer.RuleChain: [org.apache.webapp.balancer.rules.URLStringMatchRule: Target string: News / Redirect URL: http://www.cnn.com], [org.apache.webapp.balancer.rules.RequestParameterRule: Target param name: paramName / Target param value: paramValue / Redirect URL: http://www.yahoo.com], [org.apache.webapp.balancer.rules.AcceptEverythingRule: Redirect URL: http://jakarta.apache.org]]
Dec 21, 2005 7:56:24 AM org.apache.catalina.core.ApplicationContext log
INFO: ContextListener: contextInitialized()
Dec 21, 2005 7:56:24 AM org.apache.catalina.core.ApplicationContext log
INFO: SessionListener: contextInitialized()
Dec 21, 2005 7:56:24 AM org.apache.catalina.core.ApplicationContext log
INFO: ContextListener: contextInitialized()
Dec 21, 2005 7:56:24 AM org.apache.catalina.core.ApplicationContext log
INFO: SessionListener: contextInitialized()
Dec 21, 2005 7:56:46 AM org.apache.catalina.core.ApplicationContext log
INFO: ContextListener: attributeReplaced('org.apache.catalina.WELCOME_FILES', '[Ljava.lang.String;@11db6bb')
Dec 21, 2005 7:56:46 AM org.apache.catalina.core.ApplicationContext log
INFO: ContextListener: attributeReplaced('org.apache.catalina.WELCOME_FILES', '[Ljava.lang.String;@1c7e2da')
Dec 21, 2005 7:56:46 AM org.apache.catalina.core.ApplicationContext log
INFO: ContextListener: attributeReplaced('org.apache.catalina.WELCOME_FILES', '[Ljava.lang.String;@1fe571f')
Dec 21, 2005 7:56:46 AM org.apache.catalina.core.ApplicationContext log
INFO: SessionListener: contextDestroyed()
Dec 21, 2005 7:56:46 AM org.apache.catalina.core.ApplicationContext log
INFO: ContextListener: contextDestroyed()
Dec 21, 2005 7:56:46 AM org.apache.catalina.core.ApplicationContext log
INFO: ContextListener: attributeReplaced('org.apache.catalina.WELCOME_FILES', '[Ljava.lang.String;@83b1b')
Dec 21, 2005 7:56:46 AM org.apache.catalina.core.ApplicationContext log
INFO: ContextListener: attributeReplaced('org.apache.catalina.WELCOME_FILES', '[Ljava.lang.String;@608760')
Dec 21, 2005 7:56:46 AM org.apache.catalina.core.ApplicationContext log
INFO: ContextListener: attributeReplaced('org.apache.catalina.WELCOME_FILES', '[Ljava.lang.String;@157ea4a')
Dec 21, 2005 7:56:46 AM org.apache.catalina.core.ApplicationContext log
INFO: SessionListener: contextDestroyed()
Dec 21, 2005 7:56:46 AM org.apache.catalina.core.ApplicationContext log
INFO: ContextListener: contextDestroyed()
Dec 21, 2005 8:23:46 AM org.apache.catalina.core.ApplicationContext log
INFO: org.apache.webapp.balancer.BalancerFilter: init(): ruleChain: [org.apache.webapp.balancer.RuleChain: [org.apache.webapp.balancer.rules.URLStringMatchRule: Target string: News / Redirect URL: http://www.cnn.com], [org.apache.webapp.balancer.rules.RequestParameterRule: Target param name: paramName / Target param value: paramValue / Redirect URL: http://www.yahoo.com], [org.apache.webapp.balancer.rules.AcceptEverythingRule: Redirect URL: http://jakarta.apache.org]]
Dec 21, 2005 8:23:46 AM org.apache.catalina.core.ApplicationContext log
INFO: ContextListener: contextInitialized()
Dec 21, 2005 8:23:46 AM org.apache.catalina.core.ApplicationContext log
INFO: SessionListener: contextInitialized()
Dec 21, 2005 8:23:47 AM org.apache.catalina.core.ApplicationContext log
INFO: ContextListener: contextInitialized()
Dec 21, 2005 8:23:47 AM org.apache.catalina.core.ApplicationContext log
INFO: SessionListener: contextInitialized()
Dec 21, 2005 8:23:58 AM org.apache.catalina.core.ApplicationContext log
INFO: ContextListener: attributeReplaced('org.apache.catalina.WELCOME_FILES', '[Ljava.lang.String;@118d189')
Dec 21, 2005 8:23:58 AM org.apache.catalina.core.ApplicationContext log
INFO: ContextListener: attributeReplaced('org.apache.catalina.WELCOME_FILES', '[Ljava.lang.String;@648016')
Dec 21, 2005 8:23:58 AM org.apache.catalina.core.ApplicationContext log
INFO: ContextListener: attributeReplaced('org.apache.catalina.WELCOME_FILES', '[Ljava.lang.String;@1551b0')
Dec 21, 2005 8:23:58 AM org.apache.catalina.core.ApplicationContext log
INFO: SessionListener: contextDestroyed()
Dec 21, 2005 8:23:58 AM org.apache.catalina.core.ApplicationContext log
INFO: ContextListener: contextDestroyed()
Dec 21, 2005 8:23:58 AM org.apache.catalina.core.ApplicationContext log
INFO: ContextListener: attributeReplaced('org.apache.catalina.WELCOME_FILES', '[Ljava.lang.String;@1c391c3')
Dec 21, 2005 8:23:58 AM org.apache.catalina.core.ApplicationContext log
INFO: ContextListener: attributeReplaced('org.apache.catalina.WELCOME_FILES', '[Ljava.lang.String;@969c29')
Dec 21, 2005 8:23:58 AM org.apache.catalina.core.ApplicationContext log
INFO: ContextListener: attributeReplaced('org.apache.catalina.WELCOME_FILES', '[Ljava.lang.String;@1e67e6a')
Dec 21, 2005 8:23:58 AM org.apache.catalina.core.ApplicationContext log
INFO: SessionListener: contextDestroyed()
Dec 21, 2005 8:23:58 AM org.apache.catalina.core.ApplicationContext log
INFO: ContextListener: contextDestroyed()
Dec 21, 2005 11:23:09 AM org.apache.catalina.core.ApplicationContext log
INFO: org.apache.webapp.balancer.BalancerFilter: init(): ruleChain: [org.apache.webapp.balancer.RuleChain: [org.apache.webapp.balancer.rules.URLStringMatchRule: Target string: News / Redirect URL: http://www.cnn.com], [org.apache.webapp.balancer.rules.RequestParameterRule: Target param name: paramName / Target param value: paramValue / Redirect URL: http://www.yahoo.com], [org.apache.webapp.balancer.rules.AcceptEverythingRule: Redirect URL: http://jakarta.apache.org]]
Dec 21, 2005 11:23:09 AM org.apache.catalina.core.ApplicationContext log
INFO: ContextListener: contextInitialized()
Dec 21, 2005 11:23:09 AM org.apache.catalina.core.ApplicationContext log
INFO: SessionListener: contextInitialized()
Dec 21, 2005 11:23:10 AM org.apache.catalina.core.ApplicationContext log
INFO: ContextListener: contextInitialized()
Dec 21, 2005 11:23:10 AM org.apache.catalina.core.ApplicationContext log
INFO: SessionListener: contextInitialized()
Dec 21, 2005 12:38:52 PM org.apache.catalina.core.ApplicationContext log
INFO: ContextListener: attributeReplaced('org.apache.catalina.WELCOME_FILES', '[Ljava.lang.String;@109ea96')
Dec 21, 2005 12:38:52 PM org.apache.catalina.core.ApplicationContext log
INFO: ContextListener: attributeReplaced('org.apache.catalina.WELCOME_FILES', '[Ljava.lang.String;@83b1b')
Dec 21, 2005 12:38:52 PM org.apache.catalina.core.ApplicationContext log
INFO: ContextListener: attributeReplaced('org.apache.catalina.WELCOME_FILES', '[Ljava.lang.String;@608760')
Dec 21, 2005 12:38:52 PM org.apache.catalina.core.ApplicationContext log
INFO: SessionListener: contextDestroyed()
Dec 21, 2005 12:38:52 PM org.apache.catalina.core.ApplicationContext log
INFO: ContextListener: contextDestroyed()
Dec 21, 2005 12:38:52 PM org.apache.catalina.core.ApplicationContext log
INFO: ContextListener: attributeReplaced('org.apache.catalina.WELCOME_FILES', '[Ljava.lang.String;@d6b059')
Dec 21, 2005 12:38:52 PM org.apache.catalina.core.ApplicationContext log
INFO: ContextListener: attributeReplaced('org.apache.catalina.WELCOME_FILES', '[Ljava.lang.String;@d3c65d')
Dec 21, 2005 12:38:52 PM org.apache.catalina.core.ApplicationContext log
INFO: ContextListener: attributeReplaced('org.apache.catalina.WELCOME_FILES', '[Ljava.lang.String;@1843a75')
Dec 21, 2005 12:38:52 PM org.apache.catalina.core.ApplicationContext log
INFO: SessionListener: contextDestroyed()
Dec 21, 2005 12:38:52 PM org.apache.catalina.core.ApplicationContext log
INFO: ContextListener: contextDestroyed()
Dec 21, 2005 12:39:08 PM org.apache.catalina.core.ApplicationContext log
INFO: org.apache.webapp.balancer.BalancerFilter: init(): ruleChain: [org.apache.webapp.balancer.RuleChain: [org.apache.webapp.balancer.rules.URLStringMatchRule: Target string: News / Redirect URL: http://www.cnn.com], [org.apache.webapp.balancer.rules.RequestParameterRule: Target param name: paramName / Target param value: paramValue / Redirect URL: http://www.yahoo.com], [org.apache.webapp.balancer.rules.AcceptEverythingRule: Redirect URL: http://jakarta.apache.org]]
Dec 21, 2005 12:39:08 PM org.apache.catalina.core.ApplicationContext log
INFO: ContextListener: contextInitialized()
Dec 21, 2005 12:39:08 PM org.apache.catalina.core.ApplicationContext log
INFO: SessionListener: contextInitialized()
Dec 21, 2005 12:39:09 PM org.apache.catalina.core.ApplicationContext log
INFO: ContextListener: contextInitialized()
Dec 21, 2005 12:39:09 PM org.apache.catalina.core.ApplicationContext log
INFO: SessionListener: contextInitialized()
Dec 21, 2005 12:39:14 PM org.apache.catalina.core.ApplicationContext log
INFO: ContextListener: attributeReplaced('org.apache.catalina.WELCOME_FILES', '[Ljava.lang.String;@2d189c')
Dec 21, 2005 12:39:14 PM org.apache.catalina.core.ApplicationContext log
INFO: ContextListener: attributeReplaced('org.apache.catalina.WELCOME_FILES', '[Ljava.lang.String;@aae86e')
Dec 21, 2005 12:39:14 PM org.apache.catalina.core.ApplicationContext log
INFO: ContextListener: attributeReplaced('org.apache.catalina.WELCOME_FILES', '[Ljava.lang.String;@81a197')
Dec 21, 2005 12:39:14 PM org.apache.catalina.core.ApplicationContext log
INFO: SessionListener: contextDestroyed()
Dec 21, 2005 12:39:14 PM org.apache.catalina.core.ApplicationContext log
INFO: ContextListener: contextDestroyed()
Dec 21, 2005 12:39:14 PM org.apache.catalina.core.ApplicationContext log
INFO: ContextListener: attributeReplaced('org.apache.catalina.WELCOME_FILES', '[Ljava.lang.String;@e29820')
Dec 21, 2005 12:39:14 PM org.apache.catalina.core.ApplicationContext log
INFO: ContextListener: attributeReplaced('org.apache.catalina.WELCOME_FILES', '[Ljava.lang.String;@716cb7')
Dec 21, 2005 12:39:14 PM org.apache.catalina.core.ApplicationContext log
INFO: ContextListener: attributeReplaced('org.apache.catalina.WELCOME_FILES', '[Ljava.lang.String;@987a33')
Dec 21, 2005 12:39:14 PM org.apache.catalina.core.ApplicationContext log
INFO: SessionListener: contextDestroyed()
Dec 21, 2005 12:39:14 PM org.apache.catalina.core.ApplicationContext log
INFO: ContextListener: contextDestroyed()
