2013-12-06 16:51:02.107  INFO [ContainerBackgroundProcessor[StandardEngine[Catalina]]] (StartupServlet.java:219) - 
****************************************************************************
Starting GenePatternServer ... 
2013-12-06 16:51:02.109  INFO [ContainerBackgroundProcessor[StandardEngine[Catalina]]] (StartupServlet.java:70) - 	initializing properties...
2013-12-06 16:55:57.209  INFO [ContainerBackgroundProcessor[StandardEngine[Catalina]]] (StartupServlet.java:219) - 
****************************************************************************
Starting GenePatternServer ... 
2013-12-06 16:55:57.211  INFO [ContainerBackgroundProcessor[StandardEngine[Catalina]]] (StartupServlet.java:70) - 	initializing properties...
2013-12-06 16:55:57.211  INFO [ContainerBackgroundProcessor[StandardEngine[Catalina]]] (StartupServlet.java:337) - 	loaded GP properties from /Users/tabor/workspace/gp-trunk/installer/gpdist/Tomcat/resources/genepattern.properties
2013-12-06 16:55:57.212  INFO [ContainerBackgroundProcessor[StandardEngine[Catalina]]] (StartupServlet.java:85) - 	starting HSQL database...
2013-12-06 16:55:57.925 ERROR [ContainerBackgroundProcessor[StandardEngine[Catalina]]] (HibernateUtil.java:47) - Error initializing SessionFactory from 'hibernate.cfg.xml': org.hibernate.HibernateException: Could not find datasource
2013-12-06 16:55:57.925 ERROR [ContainerBackgroundProcessor[StandardEngine[Catalina]]] (StartupServlet.java:89) - Unable to start HSQL Database!
java.lang.ExceptionInInitializerError: Hibernate session factory is not initialized
	at org.genepattern.server.database.HibernateUtil.getSession(HibernateUtil.java:106)
	at org.genepattern.server.database.HibernateUtil.closeCurrentSession(HibernateUtil.java:122)
	at org.genepattern.server.database.HsqlDbUtil.startDatabase(HsqlDbUtil.java:93)
	at org.genepattern.server.webapp.StartupServlet.init(StartupServlet.java:86)
	at org.apache.catalina.core.StandardWrapper.loadServlet(StandardWrapper.java:1105)
	at org.apache.catalina.core.StandardWrapper.load(StandardWrapper.java:932)
	at org.apache.catalina.core.StandardContext.loadOnStartup(StandardContext.java:3917)
	at org.apache.catalina.core.StandardContext.start(StandardContext.java:4201)
	at org.apache.catalina.core.ContainerBase.addChildInternal(ContainerBase.java:759)
	at org.apache.catalina.core.ContainerBase.addChild(ContainerBase.java:739)
	at org.apache.catalina.core.StandardHost.addChild(StandardHost.java:524)
	at org.apache.catalina.startup.HostConfig.deployDirectory(HostConfig.java:904)
	at org.apache.catalina.startup.HostConfig.deployDirectories(HostConfig.java:867)
	at org.apache.catalina.startup.HostConfig.deployApps(HostConfig.java:474)
	at org.apache.catalina.startup.HostConfig.check(HostConfig.java:1190)
	at org.apache.catalina.startup.HostConfig.lifecycleEvent(HostConfig.java:292)
	at org.apache.catalina.util.LifecycleSupport.fireLifecycleEvent(LifecycleSupport.java:119)
	at org.apache.catalina.core.ContainerBase.backgroundProcess(ContainerBase.java:1305)
	at org.apache.catalina.core.ContainerBase$ContainerBackgroundProcessor.processChildren(ContainerBase.java:1569)
	at org.apache.catalina.core.ContainerBase$ContainerBackgroundProcessor.processChildren(ContainerBase.java:1578)
	at org.apache.catalina.core.ContainerBase$ContainerBackgroundProcessor.run(ContainerBase.java:1558)
	at java.lang.Thread.run(Thread.java:744)
2013-12-06 17:07:43.865  INFO [main] (StartupServlet.java:259) - StartupServlet: destroy called
2013-12-06 17:07:43.868  INFO [main] (StartupServlet.java:265) - stopping job queue ...
2013-12-06 17:07:43.869  INFO [main] (StartupServlet.java:267) - done!
2013-12-06 17:07:43.869  INFO [main] (StartupServlet.java:276) - stopping HSQLDB ...
2013-12-06 17:07:43.870 ERROR [main] (StartupServlet.java:281) - Error stopoping HSQLDB: Hibernate session factory is not initialized
java.lang.ExceptionInInitializerError: Hibernate session factory is not initialized
	at org.genepattern.server.database.HibernateUtil.getSession(HibernateUtil.java:106)
	at org.genepattern.server.database.HibernateUtil.closeCurrentSession(HibernateUtil.java:122)
	at org.genepattern.server.database.HsqlDbUtil.shutdownDatabase(HsqlDbUtil.java:115)
	at org.genepattern.server.webapp.StartupServlet.destroy(StartupServlet.java:277)
	at org.apache.catalina.core.StandardWrapper.unload(StandardWrapper.java:1331)
	at org.apache.catalina.core.StandardWrapper.stop(StandardWrapper.java:1666)
	at org.apache.catalina.core.ContainerBase.removeChild(ContainerBase.java:892)
	at org.apache.catalina.core.StandardContext.removeChild(StandardContext.java:3095)
	at org.apache.catalina.startup.ContextConfig.stop(ContextConfig.java:1082)
	at org.apache.catalina.startup.ContextConfig.lifecycleEvent(ContextConfig.java:276)
	at org.apache.catalina.util.LifecycleSupport.fireLifecycleEvent(LifecycleSupport.java:119)
	at org.apache.catalina.core.StandardContext.stop(StandardContext.java:4355)
	at org.apache.catalina.core.ContainerBase.removeChild(ContainerBase.java:892)
	at org.apache.catalina.startup.HostConfig.undeployApps(HostConfig.java:1164)
	at org.apache.catalina.startup.HostConfig.stop(HostConfig.java:1135)
	at org.apache.catalina.startup.HostConfig.lifecycleEvent(HostConfig.java:312)
	at org.apache.catalina.util.LifecycleSupport.fireLifecycleEvent(LifecycleSupport.java:119)
	at org.apache.catalina.core.ContainerBase.stop(ContainerBase.java:1054)
	at org.apache.catalina.core.ContainerBase.stop(ContainerBase.java:1066)
	at org.apache.catalina.core.StandardEngine.stop(StandardEngine.java:447)
	at org.apache.catalina.core.StandardService.stop(StandardService.java:512)
	at org.apache.catalina.core.StandardServer.stop(StandardServer.java:743)
	at org.apache.catalina.startup.Catalina.stop(Catalina.java:601)
	at org.apache.catalina.startup.Catalina.start(Catalina.java:576)
	at sun.reflect.NativeMethodAccessorImpl.invoke0(Native Method)
	at sun.reflect.NativeMethodAccessorImpl.invoke(NativeMethodAccessorImpl.java:57)
	at sun.reflect.DelegatingMethodAccessorImpl.invoke(DelegatingMethodAccessorImpl.java:43)
	at java.lang.reflect.Method.invoke(Method.java:606)
	at org.apache.catalina.startup.Bootstrap.start(Bootstrap.java:294)
	at org.apache.catalina.startup.Bootstrap.main(Bootstrap.java:432)
2013-12-06 17:07:43.871  INFO [main] (StartupServlet.java:302) - StartupServlet: destroy, calling dumpThreads...
2013-12-06 17:07:43.871  INFO [main] (StartupServlet.java:408) - StartupServlet.dumpThreads: what's still running...
2013-12-06 17:07:43.871  INFO [main] (StartupServlet.java:425) - Reference Handler is running at 10 priority.  Is daemon.  Is not interrupted.  
2013-12-06 17:07:43.871  INFO [main] (StartupServlet.java:425) - Finalizer is running at 8 priority.  Is daemon.  Is not interrupted.  
2013-12-06 17:07:43.872  INFO [main] (StartupServlet.java:425) - Signal Dispatcher is running at 9 priority.  Is daemon.  Is not interrupted.  
2013-12-06 17:07:43.872  INFO [main] (StartupServlet.java:425) - RMI TCP Accept-0 is running at 5 priority.  Is daemon.  Is not interrupted.  
2013-12-06 17:07:43.872  INFO [main] (StartupServlet.java:425) - RMI TCP Accept-1099 is running at 5 priority.  Is daemon.  Is not interrupted.  
2013-12-06 17:07:43.872  INFO [main] (StartupServlet.java:425) - RMI TCP Accept-0 is running at 5 priority.  Is daemon.  Is not interrupted.  
2013-12-06 17:07:43.872  INFO [main] (StartupServlet.java:425) - RMI Scheduler(0) is running at 5 priority.  Is daemon.  Is not interrupted.  
2013-12-06 17:07:43.872  INFO [main] (StartupServlet.java:425) - main is running at 5 priority.  Is not daemon.  Is not interrupted.  
2013-12-06 17:07:43.873  INFO [main] (StartupServlet.java:425) - http-0-Processor1 is running at 5 priority.  Is daemon.  Is not interrupted.  
2013-12-06 17:07:43.873  INFO [main] (StartupServlet.java:425) - http-0-Processor2 is running at 5 priority.  Is daemon.  Is not interrupted.  
2013-12-06 17:07:43.873  INFO [main] (StartupServlet.java:425) - http-0-Processor3 is running at 5 priority.  Is daemon.  Is not interrupted.  
2013-12-06 17:07:43.873  INFO [main] (StartupServlet.java:425) - http-0-Processor4 is running at 5 priority.  Is daemon.  Is not interrupted.  
2013-12-06 17:07:43.873  INFO [main] (StartupServlet.java:425) - http-0-Processor5 is running at 5 priority.  Is daemon.  Is not interrupted.  
2013-12-06 17:07:43.873  INFO [main] (StartupServlet.java:425) - http-0-Processor6 is running at 5 priority.  Is daemon.  Is not interrupted.  
2013-12-06 17:07:43.873  INFO [main] (StartupServlet.java:425) - http-0-Processor7 is running at 5 priority.  Is daemon.  Is not interrupted.  
2013-12-06 17:07:43.874  INFO [main] (StartupServlet.java:425) - http-0-Processor8 is running at 5 priority.  Is daemon.  Is not interrupted.  
2013-12-06 17:07:43.874  INFO [main] (StartupServlet.java:425) - http-0-Processor9 is running at 5 priority.  Is daemon.  Is not interrupted.  
2013-12-06 17:07:43.874  INFO [main] (StartupServlet.java:425) - http-0-Processor10 is running at 5 priority.  Is daemon.  Is not interrupted.  
2013-12-06 17:07:43.874  INFO [main] (StartupServlet.java:425) - http-0-Processor11 is running at 5 priority.  Is daemon.  Is not interrupted.  
2013-12-06 17:07:43.874  INFO [main] (StartupServlet.java:425) - http-0-Processor12 is running at 5 priority.  Is daemon.  Is not interrupted.  
2013-12-06 17:07:43.874  INFO [main] (StartupServlet.java:425) - http-0-Processor13 is running at 5 priority.  Is daemon.  Is not interrupted.  
2013-12-06 17:07:43.874  INFO [main] (StartupServlet.java:425) - http-0-Processor14 is running at 5 priority.  Is daemon.  Is not interrupted.  
2013-12-06 17:07:43.875  INFO [main] (StartupServlet.java:425) - http-0-Processor15 is running at 5 priority.  Is daemon.  Is not interrupted.  
2013-12-06 17:07:43.875  INFO [main] (StartupServlet.java:425) - http-0-Processor16 is running at 5 priority.  Is daemon.  Is not interrupted.  
2013-12-06 17:07:43.875  INFO [main] (StartupServlet.java:425) - http-0-Processor17 is running at 5 priority.  Is daemon.  Is not interrupted.  
2013-12-06 17:07:43.875  INFO [main] (StartupServlet.java:425) - http-0-Processor18 is running at 5 priority.  Is daemon.  Is not interrupted.  
2013-12-06 17:07:43.875  INFO [main] (StartupServlet.java:425) - http-0-Processor19 is running at 5 priority.  Is daemon.  Is not interrupted.  
2013-12-06 17:07:43.875  INFO [main] (StartupServlet.java:425) - http-0-Processor20 is running at 5 priority.  Is daemon.  Is not interrupted.  
2013-12-06 17:07:43.875  INFO [main] (StartupServlet.java:425) - http-0-Processor21 is running at 5 priority.  Is daemon.  Is not interrupted.  
2013-12-06 17:07:43.875  INFO [main] (StartupServlet.java:425) - http-0-Processor22 is running at 5 priority.  Is daemon.  Is not interrupted.  
2013-12-06 17:07:43.876  INFO [main] (StartupServlet.java:425) - http-0-Processor23 is running at 5 priority.  Is daemon.  Is not interrupted.  
2013-12-06 17:07:43.876  INFO [main] (StartupServlet.java:425) - http-0-Processor24 is running at 5 priority.  Is daemon.  Is not interrupted.  
2013-12-06 17:07:43.876  INFO [main] (StartupServlet.java:425) - http-0-Processor25 is running at 5 priority.  Is daemon.  Is not interrupted.  
2013-12-06 17:07:43.876  INFO [main] (StartupServlet.java:425) - http-0-Monitor is running at 5 priority.  Is not daemon.  Is not interrupted.  
2013-12-06 17:07:43.876  INFO [main] (StartupServlet.java:425) - TP-Processor1 is running at 5 priority.  Is daemon.  Is not interrupted.  
2013-12-06 17:07:43.876  INFO [main] (StartupServlet.java:425) - TP-Processor2 is running at 5 priority.  Is daemon.  Is not interrupted.  
2013-12-06 17:07:43.876  INFO [main] (StartupServlet.java:425) - TP-Processor3 is running at 5 priority.  Is daemon.  Is not interrupted.  
2013-12-06 17:07:43.876  INFO [main] (StartupServlet.java:425) - TP-Processor4 is running at 5 priority.  Is daemon.  Is not interrupted.  
2013-12-06 17:07:43.877  INFO [main] (StartupServlet.java:425) - TP-Monitor is running at 5 priority.  Is daemon.  Is not interrupted.  
2013-12-06 17:07:43.877  INFO [main] (StartupServlet.java:425) - AWT-AppKit is running at 5 priority.  Is daemon.  Is not interrupted.  
2013-12-06 17:07:43.877  INFO [main] (StartupServlet.java:425) - HSQLDB Server @4c3713b is running at 5 priority.  Is daemon.  Is not interrupted.  
2013-12-06 17:07:43.877  INFO [main] (StartupServlet.java:425) - HSQLDB Timer @63b407ea is running at 5 priority.  Is daemon.  Is not interrupted.  
2013-12-06 17:07:43.877  INFO [main] (StartupServlet.java:304) - StartupServlet: destroy done
2013-12-06 17:08:00.087  INFO [ContainerBackgroundProcessor[StandardEngine[Catalina]]] (StartupServlet.java:219) - 
****************************************************************************
Starting GenePatternServer ... 
2013-12-06 17:08:00.089  INFO [ContainerBackgroundProcessor[StandardEngine[Catalina]]] (StartupServlet.java:70) - 	initializing properties...
2013-12-06 17:08:00.089  INFO [ContainerBackgroundProcessor[StandardEngine[Catalina]]] (StartupServlet.java:337) - 	loaded GP properties from /Users/tabor/workspace/gp-trunk/installer/gpdist/Tomcat/resources/genepattern.properties
2013-12-06 17:08:00.090  INFO [ContainerBackgroundProcessor[StandardEngine[Catalina]]] (StartupServlet.java:85) - 	starting HSQL database...
2013-12-06 17:08:00.782 ERROR [ContainerBackgroundProcessor[StandardEngine[Catalina]]] (HibernateUtil.java:47) - Error initializing SessionFactory from 'hibernate.cfg.xml': org.hibernate.HibernateException: Could not find datasource
2013-12-06 17:08:00.782 ERROR [ContainerBackgroundProcessor[StandardEngine[Catalina]]] (StartupServlet.java:89) - Unable to start HSQL Database!
java.lang.ExceptionInInitializerError: Hibernate session factory is not initialized
	at org.genepattern.server.database.HibernateUtil.getSession(HibernateUtil.java:106)
	at org.genepattern.server.database.HibernateUtil.closeCurrentSession(HibernateUtil.java:122)
	at org.genepattern.server.database.HsqlDbUtil.startDatabase(HsqlDbUtil.java:93)
	at org.genepattern.server.webapp.StartupServlet.init(StartupServlet.java:86)
	at org.apache.catalina.core.StandardWrapper.loadServlet(StandardWrapper.java:1105)
	at org.apache.catalina.core.StandardWrapper.load(StandardWrapper.java:932)
	at org.apache.catalina.core.StandardContext.loadOnStartup(StandardContext.java:3917)
	at org.apache.catalina.core.StandardContext.start(StandardContext.java:4201)
	at org.apache.catalina.core.ContainerBase.addChildInternal(ContainerBase.java:759)
	at org.apache.catalina.core.ContainerBase.addChild(ContainerBase.java:739)
	at org.apache.catalina.core.StandardHost.addChild(StandardHost.java:524)
	at org.apache.catalina.startup.HostConfig.deployDirectory(HostConfig.java:904)
	at org.apache.catalina.startup.HostConfig.deployDirectories(HostConfig.java:867)
	at org.apache.catalina.startup.HostConfig.deployApps(HostConfig.java:474)
	at org.apache.catalina.startup.HostConfig.check(HostConfig.java:1190)
	at org.apache.catalina.startup.HostConfig.lifecycleEvent(HostConfig.java:292)
	at org.apache.catalina.util.LifecycleSupport.fireLifecycleEvent(LifecycleSupport.java:119)
	at org.apache.catalina.core.ContainerBase.backgroundProcess(ContainerBase.java:1305)
	at org.apache.catalina.core.ContainerBase$ContainerBackgroundProcessor.processChildren(ContainerBase.java:1569)
	at org.apache.catalina.core.ContainerBase$ContainerBackgroundProcessor.processChildren(ContainerBase.java:1578)
	at org.apache.catalina.core.ContainerBase$ContainerBackgroundProcessor.run(ContainerBase.java:1558)
	at java.lang.Thread.run(Thread.java:744)
2013-12-06 17:13:19.380  INFO [main] (StartupServlet.java:259) - StartupServlet: destroy called
2013-12-06 17:13:19.384  INFO [main] (StartupServlet.java:265) - stopping job queue ...
2013-12-06 17:13:19.385  INFO [main] (StartupServlet.java:267) - done!
2013-12-06 17:13:19.386  INFO [main] (StartupServlet.java:276) - stopping HSQLDB ...
2013-12-06 17:13:19.386 ERROR [main] (StartupServlet.java:281) - Error stopoping HSQLDB: Hibernate session factory is not initialized
java.lang.ExceptionInInitializerError: Hibernate session factory is not initialized
	at org.genepattern.server.database.HibernateUtil.getSession(HibernateUtil.java:106)
	at org.genepattern.server.database.HibernateUtil.closeCurrentSession(HibernateUtil.java:122)
	at org.genepattern.server.database.HsqlDbUtil.shutdownDatabase(HsqlDbUtil.java:115)
	at org.genepattern.server.webapp.StartupServlet.destroy(StartupServlet.java:277)
	at org.apache.catalina.core.StandardWrapper.unload(StandardWrapper.java:1331)
	at org.apache.catalina.core.StandardWrapper.stop(StandardWrapper.java:1666)
	at org.apache.catalina.core.ContainerBase.removeChild(ContainerBase.java:892)
	at org.apache.catalina.core.StandardContext.removeChild(StandardContext.java:3095)
	at org.apache.catalina.startup.ContextConfig.stop(ContextConfig.java:1082)
	at org.apache.catalina.startup.ContextConfig.lifecycleEvent(ContextConfig.java:276)
	at org.apache.catalina.util.LifecycleSupport.fireLifecycleEvent(LifecycleSupport.java:119)
	at org.apache.catalina.core.StandardContext.stop(StandardContext.java:4355)
	at org.apache.catalina.core.ContainerBase.removeChild(ContainerBase.java:892)
	at org.apache.catalina.startup.HostConfig.undeployApps(HostConfig.java:1164)
	at org.apache.catalina.startup.HostConfig.stop(HostConfig.java:1135)
	at org.apache.catalina.startup.HostConfig.lifecycleEvent(HostConfig.java:312)
	at org.apache.catalina.util.LifecycleSupport.fireLifecycleEvent(LifecycleSupport.java:119)
	at org.apache.catalina.core.ContainerBase.stop(ContainerBase.java:1054)
	at org.apache.catalina.core.ContainerBase.stop(ContainerBase.java:1066)
	at org.apache.catalina.core.StandardEngine.stop(StandardEngine.java:447)
	at org.apache.catalina.core.StandardService.stop(StandardService.java:512)
	at org.apache.catalina.core.StandardServer.stop(StandardServer.java:743)
	at org.apache.catalina.startup.Catalina.stop(Catalina.java:601)
	at org.apache.catalina.startup.Catalina.start(Catalina.java:576)
	at sun.reflect.NativeMethodAccessorImpl.invoke0(Native Method)
	at sun.reflect.NativeMethodAccessorImpl.invoke(NativeMethodAccessorImpl.java:57)
	at sun.reflect.DelegatingMethodAccessorImpl.invoke(DelegatingMethodAccessorImpl.java:43)
	at java.lang.reflect.Method.invoke(Method.java:606)
	at org.apache.catalina.startup.Bootstrap.start(Bootstrap.java:294)
	at org.apache.catalina.startup.Bootstrap.main(Bootstrap.java:432)
2013-12-06 17:13:19.387  INFO [main] (StartupServlet.java:302) - StartupServlet: destroy, calling dumpThreads...
2013-12-06 17:13:19.387  INFO [main] (StartupServlet.java:408) - StartupServlet.dumpThreads: what's still running...
2013-12-06 17:13:19.387  INFO [main] (StartupServlet.java:425) - Reference Handler is running at 10 priority.  Is daemon.  Is not interrupted.  
2013-12-06 17:13:19.388  INFO [main] (StartupServlet.java:425) - Finalizer is running at 8 priority.  Is daemon.  Is not interrupted.  
2013-12-06 17:13:19.388  INFO [main] (StartupServlet.java:425) - Signal Dispatcher is running at 9 priority.  Is daemon.  Is not interrupted.  
2013-12-06 17:13:19.388  INFO [main] (StartupServlet.java:425) - RMI TCP Accept-0 is running at 5 priority.  Is daemon.  Is not interrupted.  
2013-12-06 17:13:19.388  INFO [main] (StartupServlet.java:425) - RMI TCP Accept-1099 is running at 5 priority.  Is daemon.  Is not interrupted.  
2013-12-06 17:13:19.389  INFO [main] (StartupServlet.java:425) - RMI TCP Accept-0 is running at 5 priority.  Is daemon.  Is not interrupted.  
2013-12-06 17:13:19.389  INFO [main] (StartupServlet.java:425) - RMI Scheduler(0) is running at 5 priority.  Is daemon.  Is not interrupted.  
2013-12-06 17:13:19.389  INFO [main] (StartupServlet.java:425) - main is running at 5 priority.  Is not daemon.  Is not interrupted.  
2013-12-06 17:13:19.389  INFO [main] (StartupServlet.java:425) - http-0-Processor1 is running at 5 priority.  Is daemon.  Is not interrupted.  
2013-12-06 17:13:19.389  INFO [main] (StartupServlet.java:425) - http-0-Processor2 is running at 5 priority.  Is daemon.  Is not interrupted.  
2013-12-06 17:13:19.389  INFO [main] (StartupServlet.java:425) - http-0-Processor3 is running at 5 priority.  Is daemon.  Is not interrupted.  
2013-12-06 17:13:19.389  INFO [main] (StartupServlet.java:425) - http-0-Processor4 is running at 5 priority.  Is daemon.  Is not interrupted.  
2013-12-06 17:13:19.390  INFO [main] (StartupServlet.java:425) - http-0-Processor5 is running at 5 priority.  Is daemon.  Is not interrupted.  
2013-12-06 17:13:19.390  INFO [main] (StartupServlet.java:425) - http-0-Processor6 is running at 5 priority.  Is daemon.  Is not interrupted.  
2013-12-06 17:13:19.390  INFO [main] (StartupServlet.java:425) - http-0-Processor7 is running at 5 priority.  Is daemon.  Is not interrupted.  
2013-12-06 17:13:19.390  INFO [main] (StartupServlet.java:425) - http-0-Processor8 is running at 5 priority.  Is daemon.  Is not interrupted.  
2013-12-06 17:13:19.390  INFO [main] (StartupServlet.java:425) - http-0-Processor9 is running at 5 priority.  Is daemon.  Is not interrupted.  
2013-12-06 17:13:19.390  INFO [main] (StartupServlet.java:425) - http-0-Processor10 is running at 5 priority.  Is daemon.  Is not interrupted.  
2013-12-06 17:13:19.390  INFO [main] (StartupServlet.java:425) - http-0-Processor11 is running at 5 priority.  Is daemon.  Is not interrupted.  
2013-12-06 17:13:19.391  INFO [main] (StartupServlet.java:425) - http-0-Processor12 is running at 5 priority.  Is daemon.  Is not interrupted.  
2013-12-06 17:13:19.391  INFO [main] (StartupServlet.java:425) - http-0-Processor13 is running at 5 priority.  Is daemon.  Is not interrupted.  
2013-12-06 17:13:19.391  INFO [main] (StartupServlet.java:425) - http-0-Processor14 is running at 5 priority.  Is daemon.  Is not interrupted.  
2013-12-06 17:13:19.391  INFO [main] (StartupServlet.java:425) - http-0-Processor15 is running at 5 priority.  Is daemon.  Is not interrupted.  
2013-12-06 17:13:19.391  INFO [main] (StartupServlet.java:425) - http-0-Processor16 is running at 5 priority.  Is daemon.  Is not interrupted.  
2013-12-06 17:13:19.391  INFO [main] (StartupServlet.java:425) - http-0-Processor17 is running at 5 priority.  Is daemon.  Is not interrupted.  
2013-12-06 17:13:19.391  INFO [main] (StartupServlet.java:425) - http-0-Processor18 is running at 5 priority.  Is daemon.  Is not interrupted.  
2013-12-06 17:13:19.391  INFO [main] (StartupServlet.java:425) - http-0-Processor19 is running at 5 priority.  Is daemon.  Is not interrupted.  
2013-12-06 17:13:19.391  INFO [main] (StartupServlet.java:425) - http-0-Processor20 is running at 5 priority.  Is daemon.  Is not interrupted.  
2013-12-06 17:13:19.392  INFO [main] (StartupServlet.java:425) - http-0-Processor21 is running at 5 priority.  Is daemon.  Is not interrupted.  
2013-12-06 17:13:19.392  INFO [main] (StartupServlet.java:425) - http-0-Processor22 is running at 5 priority.  Is daemon.  Is not interrupted.  
2013-12-06 17:13:19.392  INFO [main] (StartupServlet.java:425) - http-0-Processor23 is running at 5 priority.  Is daemon.  Is not interrupted.  
2013-12-06 17:13:19.392  INFO [main] (StartupServlet.java:425) - http-0-Processor24 is running at 5 priority.  Is daemon.  Is not interrupted.  
2013-12-06 17:13:19.392  INFO [main] (StartupServlet.java:425) - http-0-Processor25 is running at 5 priority.  Is daemon.  Is not interrupted.  
2013-12-06 17:13:19.392  INFO [main] (StartupServlet.java:425) - http-0-Monitor is running at 5 priority.  Is not daemon.  Is not interrupted.  
2013-12-06 17:13:19.392  INFO [main] (StartupServlet.java:425) - TP-Processor1 is running at 5 priority.  Is daemon.  Is not interrupted.  
2013-12-06 17:13:19.392  INFO [main] (StartupServlet.java:425) - TP-Processor2 is running at 5 priority.  Is daemon.  Is not interrupted.  
2013-12-06 17:13:19.393  INFO [main] (StartupServlet.java:425) - TP-Processor3 is running at 5 priority.  Is daemon.  Is not interrupted.  
2013-12-06 17:13:19.393  INFO [main] (StartupServlet.java:425) - TP-Processor4 is running at 5 priority.  Is daemon.  Is not interrupted.  
2013-12-06 17:13:19.393  INFO [main] (StartupServlet.java:425) - TP-Monitor is running at 5 priority.  Is daemon.  Is not interrupted.  
2013-12-06 17:13:19.393  INFO [main] (StartupServlet.java:425) - AWT-AppKit is running at 5 priority.  Is daemon.  Is not interrupted.  
2013-12-06 17:13:19.393  INFO [main] (StartupServlet.java:425) - HSQLDB Server @4ee729a2 is running at 5 priority.  Is daemon.  Is not interrupted.  
2013-12-06 17:13:19.393  INFO [main] (StartupServlet.java:425) - HSQLDB Timer @2d035551 is running at 5 priority.  Is daemon.  Is not interrupted.  
2013-12-06 17:13:19.393  INFO [main] (StartupServlet.java:304) - StartupServlet: destroy done
